<?xml version="1.0" encoding="UTF-8"?>
<testng-results ignored="0" total="3" passed="3" failed="0" skipped="0">
  <reporter-output>
    <line>
      <![CDATA[Page Name is Displayed,Pass]]>
    </line>
    <line>
      <![CDATA[Page Name is Displayed,Pass]]>
    </line>
    <line>
      <![CDATA[Page Name is Displayed,Pass]]>
    </line>
    <line>
      <![CDATA[Page Name is Displayed,Pass]]>
    </line>
  </reporter-output>
  <suite started-at="2023-01-24T16:57:01 IST" name="Suite" finished-at="2023-01-24T16:58:22 IST" duration-ms="80542">
    <groups>
    </groups>
    <test started-at="2023-01-24T16:57:01 IST" name="Test" finished-at="2023-01-24T16:58:22 IST" duration-ms="80542">
      <class name="com.Skillrary.ShareTwitter.ShareViaTwitter">
        <test-method is-config="true" signature="openBrowser()[pri:0, instance:com.Skillrary.ShareTwitter.ShareViaTwitter@76a4ebf2]" started-at="2023-01-24T16:57:46 IST" name="openBrowser" finished-at="2023-01-24T16:57:52 IST" duration-ms="5866" status="PASS">
          <reporter-output>
            <line>
              <![CDATA[Page Name is Displayed,Pass]]>
            </line>
          </reporter-output>
        </test-method> <!-- openBrowser -->
        <test-method signature="shareViaTwitterTest()[pri:0, instance:com.Skillrary.ShareTwitter.ShareViaTwitter@76a4ebf2]" started-at="2023-01-24T16:57:52 IST" name="shareViaTwitterTest" finished-at="2023-01-24T16:58:20 IST" duration-ms="28774" status="PASS">
          <reporter-output>
            <line>
              <![CDATA[Page Name is Displayed,Pass]]>
            </line>
          </reporter-output>
        </test-method> <!-- shareViaTwitterTest -->
        <test-method is-config="true" signature="closeBrowser()[pri:0, instance:com.Skillrary.ShareTwitter.ShareViaTwitter@76a4ebf2]" started-at="2023-01-24T16:58:20 IST" name="closeBrowser" finished-at="2023-01-24T16:58:22 IST" duration-ms="1212" status="PASS">
          <reporter-output>
          </reporter-output>
        </test-method> <!-- closeBrowser -->
      </class> <!-- com.Skillrary.ShareTwitter.ShareViaTwitter -->
      <class name="com.Skillrary.Facebook.FacebookCreateAccount">
        <test-method is-config="true" signature="openBrowser()[pri:0, instance:com.Skillrary.Facebook.FacebookCreateAccount@6e6f2380]" started-at="2023-01-24T16:57:30 IST" name="openBrowser" finished-at="2023-01-24T16:57:35 IST" duration-ms="5009" status="PASS">
          <reporter-output>
            <line>
              <![CDATA[Page Name is Displayed,Pass]]>
            </line>
          </reporter-output>
        </test-method> <!-- openBrowser -->
        <test-method signature="facebookCreateAccountTest()[pri:0, instance:com.Skillrary.Facebook.FacebookCreateAccount@6e6f2380]" started-at="2023-01-24T16:57:35 IST" name="facebookCreateAccountTest" finished-at="2023-01-24T16:57:45 IST" duration-ms="10028" status="PASS">
          <reporter-output>
          </reporter-output>
        </test-method> <!-- facebookCreateAccountTest -->
        <test-method is-config="true" signature="closeBrowser()[pri:0, instance:com.Skillrary.Facebook.FacebookCreateAccount@6e6f2380]" started-at="2023-01-24T16:57:45 IST" name="closeBrowser" finished-at="2023-01-24T16:57:46 IST" duration-ms="295" status="PASS">
          <reporter-output>
          </reporter-output>
        </test-method> <!-- closeBrowser -->
      </class> <!-- com.Skillrary.Facebook.FacebookCreateAccount -->
      <class name="com.Skillrary.CourseAdd.AddingCourseToCart">
        <test-method is-config="true" signature="openBrowser()[pri:0, instance:com.Skillrary.CourseAdd.AddingCourseToCart@2d52216b]" started-at="2023-01-24T16:57:01 IST" name="openBrowser" finished-at="2023-01-24T16:57:23 IST" duration-ms="21315" status="PASS">
          <reporter-output>
            <line>
              <![CDATA[Page Name is Displayed,Pass]]>
            </line>
          </reporter-output>
        </test-method> <!-- openBrowser -->
        <test-method signature="addingCourseToCartTest()[pri:0, instance:com.Skillrary.CourseAdd.AddingCourseToCart@2d52216b]" started-at="2023-01-24T16:57:23 IST" name="addingCourseToCartTest" finished-at="2023-01-24T16:57:30 IST" duration-ms="7216" status="PASS">
          <reporter-output>
          </reporter-output>
        </test-method> <!-- addingCourseToCartTest -->
        <test-method is-config="true" signature="closeBrowser()[pri:0, instance:com.Skillrary.CourseAdd.AddingCourseToCart@2d52216b]" started-at="2023-01-24T16:57:30 IST" name="closeBrowser" finished-at="2023-01-24T16:57:30 IST" duration-ms="609" status="PASS">
          <reporter-output>
          </reporter-output>
        </test-method> <!-- closeBrowser -->
      </class> <!-- com.Skillrary.CourseAdd.AddingCourseToCart -->
    </test> <!-- Test -->
  </suite> <!-- Suite -->
</testng-results>
