<?xml version="1.0" encoding="UTF-8"?>
<!-- Generated by org.testng.reporters.JUnitXMLReporter -->
<testsuite ignored="0" hostname="LAPTOP-1S9JIMTU" failures="0" tests="3" name="Test" time="80.542" errors="0" timestamp="2023-01-24T16:58:22 IST">
  <testcase classname="com.Skillrary.CourseAdd.AddingCourseToCart" name="addingCourseToCartTest" time="7.216"/>
  <testcase classname="com.Skillrary.Facebook.FacebookCreateAccount" name="facebookCreateAccountTest" time="10.028"/>
  <testcase classname="com.Skillrary.ShareTwitter.ShareViaTwitter" name="shareViaTwitterTest" time="28.774"/>
</testsuite> <!-- Test -->
